<?xml version="1.0" encoding="UTF-8"?>
<!-- Generated by org.testng.reporters.JUnitReportReporter -->
<testsuite skipped="0" hostname="GokulRajamani" name="com.testNG.java.BrowserLoaunch" tests="2" failures="0" timestamp="2021-06-09T11:33:41 IST" time="0.016" errors="0">
  <testcase name="addtocart" time="0.016" classname="com.testNG.java.BrowserLoaunch"/>
  <testcase name="iphonesearch" time="0.000" classname="com.testNG.java.BrowserLoaunch"/>
</testsuite> <!-- com.testNG.java.BrowserLoaunch -->
